Removed Pin From Net: NetName=GND Pin=C44-1
Removed Pin From Net: NetName=+3V3SENS_FILT Pin=C44-2
Removed Pin From Net: NetName=GND Pin=C46-1
Removed Pin From Net: NetName=+3V3SENS Pin=C46-2
Removed Pin From Net: NetName=ELRS_TX Pin=L1-J2
Removed Pin From Net: NetName=ELRS_RX Pin=L1-K2
Removed Pin From Net: NetName=TX4 Pin=P15-1
Removed Pin From Net: NetName=+5V Pin=P22-1
Removed Pin From Net: NetName=+5V2REG Pin=Rpg1-1
Removed Pin From Net: NetName=+9V Pin=Rpg2-1
Removed Pin From Net: NetName=GND Pin=S1-4
Removed Pin From Net: NetName=GND Pin=S1-5
Removed Pin From Net: NetName=GND Pin=S2-4
Removed Pin From Net: NetName=GND Pin=S2-5
Removed Pin From Net: NetName=+3V3SENS_FILT Pin=U4-1
Removed Pin From Net: NetName=I2C2_SCL Pin=U4-2
Removed Pin From Net: NetName=GND Pin=U4-3
Removed Pin From Net: NetName=I2C2_SDA Pin=U4-4
Removed Pin From Net: NetName=+3V3SENS_FILT Pin=U4-5
Removed Pin From Net: NetName=+3V3SENS_FILT Pin=U4-6
Removed Pin From Net: NetName=GND Pin=U4-8
Removed Pin From Net: NetName=GND Pin=U4-9
Removed Pin From Net: NetName=+3V3SENS Pin=U4-10
Removed Member From Class: ClassName=P1 Member=C44
Removed Member From Class: ClassName=P1 Member=C46
Removed Member From Class: ClassName=Ex Member=P15
Removed Member From Class: ClassName=Pw Member=Rpg1
Removed Member From Class: ClassName=Pw Member=Rpg2
Removed Member From Class: ClassName=P1 Member=U4
Add Pin To Net: Unknown Pin: Pin J2-7
Add Pin To Net: Unknown Pin: Pin J2-8
Added Pin To Net: NetName=ELRS_RX Pin=L1-J2
Added Pin To Net: NetName=ELRS_TX Pin=L1-K2
Added Pin To Net: NetName=+5V2REG Pin=P22-1
Change Net Name : Old Net Name=RX2_HD0 New Net Name=RX8
Change Net Name : Old Net Name=TX2_HD0 New Net Name=TX8
