Removed Pin From Net: NetName=+5VUNF Pin=D1-1
Removed Pin From Net: NetName=+5VUSB Pin=D1-2
Removed Pin From Net: NetName=+5VUNF Pin=D2-1
Removed Pin From Net: NetName=+5V2REG Pin=D2-2
Removed Pin From Net: NetName=SPI2_EXTI9_IMU1 Pin=L1-H9
Change Component Footprint: Designator=D1 Old Footprint=DIO_RB161SS_ROM-L New Footprint=SOD-323
Change Component Footprint: Designator=D2 Old Footprint=DIO_RB161SS_ROM-L New Footprint=SOD-323
Change Component Comment : Designator=D1 Old Comment=RB161SS-20T2R New Comment=D_SCHOTTKY_SOD_323
Change Component Comment : Designator=D2 Old Comment=RB161SS-20T2R New Comment=D_SCHOTTKY_SOD_323
Change component parameters: Designator = "D1" ("D1"); Footprint = "DIO_RB161SS_ROM-L"; UniqueID = "\WHOWQAXY\LDCOOPVU" ("\WHOWQAXY\LDCOOPVU")
Change component parameters (AddParameter): Name = "Manufacturer"; Value = ""; VariantName = "[No Variations]"
Change component parameters (AddParameter): Name = "Manufacturer Part Number"; Value = ""; VariantName = "[No Variations]"
Change component parameters: Designator = "D2" ("D2"); Footprint = "DIO_RB161SS_ROM-L"; UniqueID = "\WHOWQAXY\LBSGLOBM" ("\WHOWQAXY\LBSGLOBM")
Change component parameters (AddParameter): Name = "Manufacturer"; Value = ""; VariantName = "[No Variations]"
Change component parameters (AddParameter): Name = "Manufacturer Part Number"; Value = ""; VariantName = "[No Variations]"
Added Pin To Net: NetName=+5V2REG Pin=D1-A
Added Pin To Net: NetName=+5VUNF Pin=D1-K
Added Pin To Net: NetName=+5VUSB Pin=D2-A
Added Pin To Net: NetName=+5VUNF Pin=D2-K
Add Pin To Net: Unknown Pin: Pin J2-7
Add Pin To Net: Unknown Pin: Pin J2-8
Added Member To Class: ClassName=Ex Member=Component P7 PAD
Added Rule: Name=Schematic Supply Nets_96
Added Rule: Name=Schematic Supply Nets_97
Added Rule: Name=Schematic Supply Nets_98
Added Rule: Name=Schematic Supply Nets_99
Added Rule: Name=Schematic Supply Nets_100
Added Rule: Name=Schematic Supply Nets_101
Added Rule: Name=Schematic Supply Nets_102
Added Rule: Name=Schematic Supply Nets_103
Added Rule: Name=Schematic Supply Nets_104
Added Rule: Name=Schematic Supply Nets_105
Added Rule: Name=Schematic Supply Nets_106
Added Rule: Name=Schematic Supply Nets_107
